** Daemonized, any open files are closed.  Look at log/mongrel.pid and log/mongrel.log for info.
** Starting Mongrel listening at 0.0.0.0:3000
** Starting Rails with development environment...
/var/www/rails/ticket/config/../vendor/rails/railties/lib/rails/gem_dependency.rb:99:Warning: Gem::Dependency#version_requirements is deprecated and will be removed on or after August 2010.  Use #requirement
** Rails loaded.
** Loading any Rails specific GemPlugins
** Signals ready.  TERM => stop.  USR2 => restart.  INT => stop (no restart).
** Rails signals registered.  HUP => reload (without restart).  It might not work well.
** Mongrel 1.1.5 available at 0.0.0.0:3000
** Writing PID file to log/mongrel.pid
/var/www/rails/ticket/app/models/mensagem.rb:32: warning: don't put space before argument parentheses
/var/www/rails/ticket/app/models/mensagem.rb:32: warning: don't put space before argument parentheses
/var/www/rails/ticket/app/models/mensagem.rb:32: warning: don't put space before argument parentheses
/var/www/rails/ticket/app/models/mensagem.rb:32: warning: don't put space before argument parentheses
/var/www/rails/ticket/app/models/mensagem.rb:32: warning: don't put space before argument parentheses
/var/www/rails/ticket/app/models/mensagem.rb:32: warning: don't put space before argument parentheses
/var/www/rails/ticket/app/models/mensagem.rb:32: warning: don't put space before argument parentheses
/var/www/rails/ticket/app/models/mensagem.rb:32: warning: don't put space before argument parentheses
/var/www/rails/ticket/app/models/mensagem.rb:32: warning: don't put space before argument parentheses
/var/www/rails/ticket/app/models/mensagem.rb:32: warning: don't put space before argument parentheses
/var/www/rails/ticket/app/models/mensagem.rb:32: warning: don't put space before argument parentheses
/var/www/rails/ticket/app/models/mensagem.rb:32: warning: don't put space before argument parentheses
/var/www/rails/ticket/app/models/mensagem.rb:32: warning: don't put space before argument parentheses
/var/www/rails/ticket/app/models/mensagem.rb:32: warning: don't put space before argument parentheses
/var/www/rails/ticket/app/models/mensagem.rb:32: warning: don't put space before argument parentheses
/var/www/rails/ticket/app/models/mensagem.rb:32: warning: don't put space before argument parentheses
/var/www/rails/ticket/app/models/mensagem.rb:32: warning: don't put space before argument parentheses
/var/www/rails/ticket/app/models/mensagem.rb:32: warning: don't put space before argument parentheses
/var/www/rails/ticket/app/models/mensagem.rb:36: warning: don't put space before argument parentheses
/var/www/rails/ticket/app/models/mensagem.rb:33: warning: don't put space before argument parentheses
/var/www/rails/ticket/app/models/mensagem.rb:33: warning: don't put space before argument parentheses
/var/www/rails/ticket/app/models/mensagem.rb:33: warning: don't put space before argument parentheses
/var/www/rails/ticket/app/views/chamados/show.html.erb:77: warning: don't put space before argument parentheses
/var/www/rails/ticket/app/views/chamados/show.html.erb:81: warning: don't put space before argument parentheses
/var/www/rails/ticket/app/views/chamados/show.html.erb:87: warning: don't put space before argument parentheses
/var/www/rails/ticket/app/models/mensagem.rb:37: warning: don't put space before argument parentheses
/var/www/rails/ticket/app/models/mensagem.rb:37: warning: don't put space before argument parentheses
/var/www/rails/ticket/app/models/mensagem.rb:37: warning: don't put space before argument parentheses
/var/www/rails/ticket/app/models/mensagem.rb:37: warning: don't put space before argument parentheses
/var/www/rails/ticket/app/models/mensagem.rb:37: warning: don't put space before argument parentheses
/var/www/rails/ticket/app/models/mensagem.rb:36: warning: don't put space before argument parentheses
/var/www/rails/ticket/app/models/mensagem.rb:36: warning: don't put space before argument parentheses
/var/www/rails/ticket/app/models/mensagem.rb:36: warning: don't put space before argument parentheses
/var/www/rails/ticket/app/models/mensagem.rb:36: warning: don't put space before argument parentheses
/var/www/rails/ticket/app/models/mensagem.rb:36: warning: don't put space before argument parentheses
/var/www/rails/ticket/app/models/mensagem.rb:36: warning: don't put space before argument parentheses
/var/www/rails/ticket/app/models/mensagem.rb:36: warning: don't put space before argument parentheses
/var/www/rails/ticket/app/models/mensagem.rb:36: warning: don't put space before argument parentheses
/var/www/rails/ticket/app/models/mensagem.rb:36: warning: don't put space before argument parentheses
/var/www/rails/ticket/app/models/mensagem.rb:36: warning: don't put space before argument parentheses
/var/www/rails/ticket/app/models/mensagem.rb:36: warning: don't put space before argument parentheses
/var/www/rails/ticket/app/models/mensagem.rb:36: warning: don't put space before argument parentheses
/var/www/rails/ticket/app/models/mensagem.rb:36: warning: don't put space before argument parentheses
/var/www/rails/ticket/app/models/mensagem.rb:36: warning: don't put space before argument parentheses
/var/www/rails/ticket/app/views/chamados/show.html.erb:77: warning: don't put space before argument parentheses
/var/www/rails/ticket/app/views/chamados/show.html.erb:81: warning: don't put space before argument parentheses
/var/www/rails/ticket/app/views/chamados/show.html.erb:87: warning: don't put space before argument parentheses
/var/www/rails/ticket/app/views/chamados/show.html.erb:77: warning: don't put space before argument parentheses
/var/www/rails/ticket/app/views/chamados/show.html.erb:81: warning: don't put space before argument parentheses
/var/www/rails/ticket/app/views/chamados/show.html.erb:87: warning: don't put space before argument parentheses
/var/www/rails/ticket/app/views/chamados/show.html.erb:71: warning: don't put space before argument parentheses
/var/www/rails/ticket/app/views/chamados/show.html.erb:75: warning: don't put space before argument parentheses
/var/www/rails/ticket/app/views/chamados/show.html.erb:81: warning: don't put space before argument parentheses
/var/www/rails/ticket/app/views/chamados/show.html.erb:72: warning: don't put space before argument parentheses
/var/www/rails/ticket/app/views/chamados/show.html.erb:76: warning: don't put space before argument parentheses
/var/www/rails/ticket/app/views/chamados/show.html.erb:82: warning: don't put space before argument parentheses
/var/www/rails/ticket/app/views/chamados/show.html.erb:71: warning: don't put space before argument parentheses
/var/www/rails/ticket/app/views/chamados/show.html.erb:75: warning: don't put space before argument parentheses
/var/www/rails/ticket/app/views/chamados/show.html.erb:81: warning: don't put space before argument parentheses
/var/www/rails/ticket/app/views/chamados/show.html.erb:71: warning: don't put space before argument parentheses
/var/www/rails/ticket/app/views/chamados/show.html.erb:75: warning: don't put space before argument parentheses
/var/www/rails/ticket/app/views/chamados/show.html.erb:81: warning: don't put space before argument parentheses
/var/www/rails/ticket/app/views/chamados/show.html.erb:71: warning: don't put space before argument parentheses
/var/www/rails/ticket/app/views/chamados/show.html.erb:75: warning: don't put space before argument parentheses
/var/www/rails/ticket/app/views/chamados/show.html.erb:81: warning: don't put space before argument parentheses
/var/www/rails/ticket/app/views/layouts/default.html:30: warning: don't put space before argument parentheses
/var/www/rails/ticket/app/models/mensagem.rb:36: warning: don't put space before argument parentheses
/var/www/rails/ticket/app/views/chamados/show.html.erb:71: warning: don't put space before argument parentheses
/var/www/rails/ticket/app/views/chamados/show.html.erb:75: warning: don't put space before argument parentheses
/var/www/rails/ticket/app/views/chamados/show.html.erb:81: warning: don't put space before argument parentheses
/var/www/rails/ticket/app/views/chamados/show.html.erb:71: warning: don't put space before argument parentheses
/var/www/rails/ticket/app/views/chamados/show.html.erb:75: warning: don't put space before argument parentheses
/var/www/rails/ticket/app/views/chamados/show.html.erb:81: warning: don't put space before argument parentheses
/var/www/rails/ticket/app/models/mensagem.rb:36: warning: don't put space before argument parentheses
/var/www/rails/ticket/app/models/mensagem.rb:36: warning: don't put space before argument parentheses
/var/www/rails/ticket/app/models/mensagem.rb:36: warning: don't put space before argument parentheses
/var/www/rails/ticket/app/models/mensagem.rb:36: warning: don't put space before argument parentheses
/var/www/rails/ticket/app/views/chamados/show.html.erb:71: warning: don't put space before argument parentheses
/var/www/rails/ticket/app/views/chamados/show.html.erb:75: warning: don't put space before argument parentheses
/var/www/rails/ticket/app/views/chamados/show.html.erb:81: warning: don't put space before argument parentheses
/var/www/rails/ticket/app/models/mensagem.rb:36: warning: don't put space before argument parentheses
/var/www/rails/ticket/app/models/mensagem.rb:36: warning: don't put space before argument parentheses
/var/www/rails/ticket/app/views/chamados/show.html.erb:71: warning: don't put space before argument parentheses
/var/www/rails/ticket/app/views/chamados/show.html.erb:75: warning: don't put space before argument parentheses
/var/www/rails/ticket/app/views/chamados/show.html.erb:81: warning: don't put space before argument parentheses
/var/www/rails/ticket/app/views/chamados/show.html.erb:71: warning: don't put space before argument parentheses
/var/www/rails/ticket/app/views/chamados/show.html.erb:75: warning: don't put space before argument parentheses
/var/www/rails/ticket/app/views/chamados/show.html.erb:81: warning: don't put space before argument parentheses
/var/www/rails/ticket/app/views/chamados/show.html.erb:71: warning: don't put space before argument parentheses
/var/www/rails/ticket/app/views/chamados/show.html.erb:75: warning: don't put space before argument parentheses
/var/www/rails/ticket/app/views/chamados/show.html.erb:81: warning: don't put space before argument parentheses
/var/www/rails/ticket/app/views/chamados/show.html.erb:89: warning: don't put space before argument parentheses
/var/www/rails/ticket/app/views/chamados/show.html.erb:71: warning: don't put space before argument parentheses
/var/www/rails/ticket/app/views/chamados/show.html.erb:75: warning: don't put space before argument parentheses
/var/www/rails/ticket/app/views/chamados/show.html.erb:81: warning: don't put space before argument parentheses
/var/www/rails/ticket/app/views/chamados/show.html.erb:89: warning: don't put space before argument parentheses
/var/www/rails/ticket/app/views/chamados/show.html.erb:71: warning: don't put space before argument parentheses
/var/www/rails/ticket/app/views/chamados/show.html.erb:75: warning: don't put space before argument parentheses
/var/www/rails/ticket/app/views/chamados/show.html.erb:81: warning: don't put space before argument parentheses
/var/www/rails/ticket/app/models/mensagem.rb:36: warning: don't put space before argument parentheses
/var/www/rails/ticket/app/models/mensagem.rb:36: warning: don't put space before argument parentheses
/var/www/rails/ticket/app/models/mensagem.rb:36: warning: don't put space before argument parentheses
/var/www/rails/ticket/app/models/mensagem.rb:36: warning: don't put space before argument parentheses
/var/www/rails/ticket/app/models/mensagem.rb:36: warning: don't put space before argument parentheses
/var/www/rails/ticket/app/models/mensagem.rb:36: warning: don't put space before argument parentheses
/var/www/rails/ticket/app/models/mensagem.rb:36: warning: don't put space before argument parentheses
/var/www/rails/ticket/app/models/mensagem.rb:36: warning: don't put space before argument parentheses
/var/www/rails/ticket/app/models/mensagem.rb:36: warning: don't put space before argument parentheses
/var/www/rails/ticket/app/models/mensagem.rb:36: warning: don't put space before argument parentheses
/var/www/rails/ticket/app/models/mensagem.rb:36: warning: don't put space before argument parentheses
/var/www/rails/ticket/app/models/mensagem.rb:36: warning: don't put space before argument parentheses
/var/www/rails/ticket/app/models/mensagem.rb:36: warning: don't put space before argument parentheses
/var/www/rails/ticket/app/models/mensagem.rb:36: warning: don't put space before argument parentheses
/var/www/rails/ticket/app/models/mensagem.rb:36: warning: don't put space before argument parentheses
/var/www/rails/ticket/app/models/mensagem.rb:36: warning: don't put space before argument parentheses
/var/www/rails/ticket/app/models/mensagem.rb:36: warning: don't put space before argument parentheses
/var/www/rails/ticket/app/models/mensagem.rb:36: warning: don't put space before argument parentheses
/var/www/rails/ticket/app/models/mensagem.rb:36: warning: don't put space before argument parentheses
/var/www/rails/ticket/app/models/mensagem.rb:36: warning: don't put space before argument parentheses
/var/www/rails/ticket/app/views/chamados/show.html.erb:72: warning: don't put space before argument parentheses
/var/www/rails/ticket/app/views/chamados/show.html.erb:76: warning: don't put space before argument parentheses
/var/www/rails/ticket/app/views/chamados/show.html.erb:82: warning: don't put space before argument parentheses
/var/www/rails/ticket/app/models/mensagem.rb:36: warning: don't put space before argument parentheses
/var/www/rails/ticket/app/models/mensagem.rb:36: warning: don't put space before argument parentheses
/var/www/rails/ticket/app/models/mensagem.rb:36: warning: don't put space before argument parentheses
/var/www/rails/ticket/app/views/chamados/show.html.erb:72: warning: don't put space before argument parentheses
/var/www/rails/ticket/app/views/chamados/show.html.erb:76: warning: don't put space before argument parentheses
/var/www/rails/ticket/app/views/chamados/show.html.erb:82: warning: don't put space before argument parentheses
/var/www/rails/ticket/app/models/mensagem.rb:36: warning: don't put space before argument parentheses
/var/www/rails/ticket/app/models/mensagem.rb:36: warning: don't put space before argument parentheses
/var/www/rails/ticket/app/models/mensagem.rb:36: warning: don't put space before argument parentheses
/var/www/rails/ticket/app/models/mensagem.rb:36: warning: don't put space before argument parentheses
/var/www/rails/ticket/app/models/mensagem.rb:36: warning: don't put space before argument parentheses
/var/www/rails/ticket/app/models/mensagem.rb:36: warning: don't put space before argument parentheses
/var/www/rails/ticket/app/models/mensagem.rb:36: warning: don't put space before argument parentheses
/var/www/rails/ticket/app/models/mensagem.rb:36: warning: don't put space before argument parentheses
/var/www/rails/ticket/app/models/mensagem.rb:36: warning: don't put space before argument parentheses
/var/www/rails/ticket/app/models/mensagem.rb:36: warning: don't put space before argument parentheses
/var/www/rails/ticket/app/models/mensagem.rb:36: warning: don't put space before argument parentheses
** TERM signal received.
